x3000v3000:
self.T_c, n_ps, self.r_c/ac.pc
(10000.0, 0.005140200044517672, 11.280467988475833)
(Pdb) self.tau_evap / ac.myr
173.82260333798868
(Pdb) 5.22e-19 * n_ps * sqrt(T_star) * self.r_c
611.3642451545708
(Pdb) 5.3e-15 * T_ps ** 2.5
64099.16244907726
T_ps = 42956668.67476712

x300v1700
(Pdb) self.T_c, n_ps, self.r_c/ac.pc
(10000.0, 0.09723456668465857, 21.83348740263258)
(Pdb) self.tau_evap / ac.myr
71.44807937911727
(Pdb) 5.22e-19 * n_ps * sqrt(T_star) * self.r_c
768.4572896425078
(Pdb) 5.3e-15*T_ps**2.5
761.0483417586978
T_ps = 7292132.474203226
